2023-03-28 00:07:01 INFO  ProjectStartupHandler.runActivity(74) - ---------- Project opened ----------
2023-03-28 00:07:01 INFO  ProjectStartupHandler.runActivity(75) - ---------- Version 4.03 ----------

2023-03-28 00:07:01 INFO  ProjectStartupHandler.setAutoscrolls(346) - Autoscrolls successfully set
2023-03-28 00:07:01 INFO  ApacheHttpClient.isSessionAppropriateWithSecretKey(589) - The session is not set in the property file.
2023-03-28 00:07:01 INFO  ApacheHttpClient.login(250) - Waiting for server response.
2023-03-28 00:07:01 INFO  ApacheHttpClient.login(254) - responseCode = 200
2023-03-28 00:07:01 INFO  ApacheHttpClient.login(277) - JSESSIONID OK
2023-03-28 00:07:02 INFO  ApacheHttpClient.refreshUserInfo(305) - responseCode = 200
2023-03-28 00:07:02 INFO  ApacheHttpClient.refreshUserInfo(311) - User information received.
2023-03-28 00:07:02 INFO  ApacheHttpClient.startGA(36) - GAService started.
2023-03-28 00:17:17 INFO  ApacheHttpClient.getWebResourceAsStream(502) - responseCode = 200
2023-03-28 00:17:18 INFO  ApacheHttpClient.getFilteredTasks(336) - responseCode = 200
2023-03-28 00:17:32 INFO  ApacheHttpClient.getFilteredTasks(336) - responseCode = 200
2023-03-28 00:19:16 INFO  ApacheHttpClient.getFilteredTasks(336) - responseCode = 200
2023-03-28 00:19:35 INFO  ApacheHttpClient.getFilteredTasks(336) - responseCode = 200
2023-03-28 00:20:27 INFO  ApacheHttpClient.getFilteredTasks(336) - responseCode = 200
2023-03-28 00:20:46 INFO  ApacheHttpClient.getFilteredTasks(336) - responseCode = 200
2023-03-28 00:20:51 INFO  ApacheHttpClient.getFilteredTasks(336) - responseCode = 200
2023-03-28 00:20:55 INFO  ApacheHttpClient.getFilteredTasks(336) - responseCode = 200
2023-03-28 00:20:59 INFO  ApacheHttpClient.getFilteredTasks(336) - responseCode = 200
2023-03-28 00:21:06 INFO  ApacheHttpClient.getFilteredTasks(336) - responseCode = 200
2023-03-28 00:22:30 INFO  ApacheHttpClient.getFilteredTasks(336) - responseCode = 200
2023-03-28 00:23:16 INFO  ApacheHttpClient.getFilteredTasks(336) - responseCode = 200
2023-03-28 00:53:05 INFO  ApacheHttpClient.getWebResourceAsStream(502) - responseCode = 200
2023-03-28 00:53:05 WARN  PluginUtil.getCurrentTask(77) - Error while retrieving the task key.
java.lang.StringIndexOutOfBoundsException: begin -1, end 56, length 56
	at java.base/java.lang.String.checkBoundsBeginEnd(String.java:4604)
	at java.base/java.lang.String.substring(String.java:2707)
	at java.base/java.lang.String.substring(String.java:2680)
	at com.homework.plugin.PluginUtil.getCurrentVirtualFile(PluginUtil.java:159)
	at com.homework.plugin.PluginUtil.getCurrentTask(PluginUtil.java:68)
	at com.homework.plugin.button.ValidateButton.actionPerformed(ValidateButton.java:57)
	at com.intellij.openapi.actionSystem.impl.ActionButton.actionPerformed(ActionButton.java:190)
	at com.intellij.openapi.actionSystem.impl.ActionButton.lambda$performAction$0(ActionButton.java:166)
	at com.intellij.openapi.actionSystem.ex.ActionUtil.performDumbAwareWithCallbacks(ActionUtil.java:337)
	at com.intellij.openapi.actionSystem.impl.ActionButton.performAction(ActionButton.java:166)
	at com.intellij.openapi.actionSystem.impl.ActionButton.processMouseEvent(ActionButton.java:465)
	at java.desktop/java.awt.Component.processEvent(Component.java:6413)
	at java.desktop/java.awt.Container.processEvent(Container.java:2266)
	at java.desktop/java.awt.Component.dispatchEventImpl(Component.java:5022)
	at java.desktop/java.awt.Container.dispatchEventImpl(Container.java:2324)
	at java.desktop/java.awt.Component.dispatchEvent(Component.java:4854)
	at java.desktop/java.awt.LightweightDispatcher.retargetMouseEvent(Container.java:4948)
	at java.desktop/java.awt.LightweightDispatcher.processMouseEvent(Container.java:4575)
	at java.desktop/java.awt.LightweightDispatcher.dispatchEvent(Container.java:4516)
	at java.desktop/java.awt.Container.dispatchEventImpl(Container.java:2310)
	at java.desktop/java.awt.Window.dispatchEventImpl(Window.java:2802)
	at java.desktop/java.awt.Component.dispatchEvent(Component.java:4854)
	at java.desktop/java.awt.EventQueue.dispatchEventImpl(EventQueue.java:781)
	at java.desktop/java.awt.EventQueue$4.run(EventQueue.java:730)
	at java.desktop/java.awt.EventQueue$4.run(EventQueue.java:724)
	at java.base/java.security.AccessController.doPrivileged(AccessController.java:399)
	at java.base/java.security.ProtectionDomain$JavaSecurityAccessImpl.doIntersectionPrivilege(ProtectionDomain.java:86)
	at java.base/java.security.ProtectionDomain$JavaSecurityAccessImpl.doIntersectionPrivilege(ProtectionDomain.java:97)
	at java.desktop/java.awt.EventQueue$5.run(EventQueue.java:754)
	at java.desktop/java.awt.EventQueue$5.run(EventQueue.java:752)
	at java.base/java.security.AccessController.doPrivileged(AccessController.java:399)
	at java.base/java.security.ProtectionDomain$JavaSecurityAccessImpl.doIntersectionPrivilege(ProtectionDomain.java:86)
	at java.desktop/java.awt.EventQueue.dispatchEvent(EventQueue.java:751)
	at com.intellij.ide.IdeEventQueue.defaultDispatchEvent(IdeEventQueue.java:918)
	at com.intellij.ide.IdeEventQueue.dispatchMouseEvent(IdeEventQueue.java:840)
	at com.intellij.ide.IdeEventQueue._dispatchEvent(IdeEventQueue.java:763)
	at com.intellij.ide.IdeEventQueue.lambda$dispatchEvent$6(IdeEventQueue.java:450)
	at com.intellij.openapi.progress.impl.CoreProgressManager.computePrioritized(CoreProgressManager.java:791)
	at com.intellij.ide.IdeEventQueue.lambda$dispatchEvent$7(IdeEventQueue.java:449)
	at com.intellij.openapi.application.TransactionGuardImpl.performActivity(TransactionGuardImpl.java:113)
	at com.intellij.ide.IdeEventQueue.performActivity(IdeEventQueue.java:624)
	at com.intellij.ide.IdeEventQueue.lambda$dispatchEvent$8(IdeEventQueue.java:447)
	at com.intellij.openapi.application.impl.ApplicationImpl.runIntendedWriteActionOnCurrentThread(ApplicationImpl.java:881)
	at com.intellij.ide.IdeEventQueue.dispatchEvent(IdeEventQueue.java:493)
	at java.desktop/java.awt.EventDispatchThread.pumpOneEventForFilters(EventDispatchThread.java:207)
	at java.desktop/java.awt.EventDispatchThread.pumpEventsForFilter(EventDispatchThread.java:128)
	at java.desktop/java.awt.EventDispatchThread.pumpEventsForHierarchy(EventDispatchThread.java:117)
	at java.desktop/java.awt.EventDispatchThread.pumpEvents(EventDispatchThread.java:113)
	at java.desktop/java.awt.EventDispatchThread.pumpEvents(EventDispatchThread.java:105)
	at java.desktop/java.awt.EventDispatchThread.run(EventDispatchThread.java:92)
2023-03-28 00:53:05 WARN  PluginUtil.getCurrentDirectory(108) - Error while getting the current directory.
java.lang.StringIndexOutOfBoundsException: begin -1, end 56, length 56
	at java.base/java.lang.String.checkBoundsBeginEnd(String.java:4604)
	at java.base/java.lang.String.substring(String.java:2707)
	at java.base/java.lang.String.substring(String.java:2680)
	at com.homework.plugin.PluginUtil.getCurrentVirtualFile(PluginUtil.java:159)
	at com.homework.plugin.PluginUtil.getCurrentDirectory(PluginUtil.java:106)
	at com.homework.plugin.button.ValidateButton.actionPerformed(ValidateButton.java:62)
	at com.intellij.openapi.actionSystem.impl.ActionButton.actionPerformed(ActionButton.java:190)
	at com.intellij.openapi.actionSystem.impl.ActionButton.lambda$performAction$0(ActionButton.java:166)
	at com.intellij.openapi.actionSystem.ex.ActionUtil.performDumbAwareWithCallbacks(ActionUtil.java:337)
	at com.intellij.openapi.actionSystem.impl.ActionButton.performAction(ActionButton.java:166)
	at com.intellij.openapi.actionSystem.impl.ActionButton.processMouseEvent(ActionButton.java:465)
	at java.desktop/java.awt.Component.processEvent(Component.java:6413)
	at java.desktop/java.awt.Container.processEvent(Container.java:2266)
	at java.desktop/java.awt.Component.dispatchEventImpl(Component.java:5022)
	at java.desktop/java.awt.Container.dispatchEventImpl(Container.java:2324)
	at java.desktop/java.awt.Component.dispatchEvent(Component.java:4854)
	at java.desktop/java.awt.LightweightDispatcher.retargetMouseEvent(Container.java:4948)
	at java.desktop/java.awt.LightweightDispatcher.processMouseEvent(Container.java:4575)
	at java.desktop/java.awt.LightweightDispatcher.dispatchEvent(Container.java:4516)
	at java.desktop/java.awt.Container.dispatchEventImpl(Container.java:2310)
	at java.desktop/java.awt.Window.dispatchEventImpl(Window.java:2802)
	at java.desktop/java.awt.Component.dispatchEvent(Component.java:4854)
	at java.desktop/java.awt.EventQueue.dispatchEventImpl(EventQueue.java:781)
	at java.desktop/java.awt.EventQueue$4.run(EventQueue.java:730)
	at java.desktop/java.awt.EventQueue$4.run(EventQueue.java:724)
	at java.base/java.security.AccessController.doPrivileged(AccessController.java:399)
	at java.base/java.security.ProtectionDomain$JavaSecurityAccessImpl.doIntersectionPrivilege(ProtectionDomain.java:86)
	at java.base/java.security.ProtectionDomain$JavaSecurityAccessImpl.doIntersectionPrivilege(ProtectionDomain.java:97)
	at java.desktop/java.awt.EventQueue$5.run(EventQueue.java:754)
	at java.desktop/java.awt.EventQueue$5.run(EventQueue.java:752)
	at java.base/java.security.AccessController.doPrivileged(AccessController.java:399)
	at java.base/java.security.ProtectionDomain$JavaSecurityAccessImpl.doIntersectionPrivilege(ProtectionDomain.java:86)
	at java.desktop/java.awt.EventQueue.dispatchEvent(EventQueue.java:751)
	at com.intellij.ide.IdeEventQueue.defaultDispatchEvent(IdeEventQueue.java:918)
	at com.intellij.ide.IdeEventQueue.dispatchMouseEvent(IdeEventQueue.java:840)
	at com.intellij.ide.IdeEventQueue._dispatchEvent(IdeEventQueue.java:763)
	at com.intellij.ide.IdeEventQueue.lambda$dispatchEvent$6(IdeEventQueue.java:450)
	at com.intellij.openapi.progress.impl.CoreProgressManager.computePrioritized(CoreProgressManager.java:791)
	at com.intellij.ide.IdeEventQueue.lambda$dispatchEvent$7(IdeEventQueue.java:449)
	at com.intellij.openapi.application.TransactionGuardImpl.performActivity(TransactionGuardImpl.java:113)
	at com.intellij.ide.IdeEventQueue.performActivity(IdeEventQueue.java:624)
	at com.intellij.ide.IdeEventQueue.lambda$dispatchEvent$8(IdeEventQueue.java:447)
	at com.intellij.openapi.application.impl.ApplicationImpl.runIntendedWriteActionOnCurrentThread(ApplicationImpl.java:881)
	at com.intellij.ide.IdeEventQueue.dispatchEvent(IdeEventQueue.java:493)
	at java.desktop/java.awt.EventDispatchThread.pumpOneEventForFilters(EventDispatchThread.java:207)
	at java.desktop/java.awt.EventDispatchThread.pumpEventsForFilter(EventDispatchThread.java:128)
	at java.desktop/java.awt.EventDispatchThread.pumpEventsForHierarchy(EventDispatchThread.java:117)
	at java.desktop/java.awt.EventDispatchThread.pumpEvents(EventDispatchThread.java:113)
	at java.desktop/java.awt.EventDispatchThread.pumpEvents(EventDispatchThread.java:105)
	at java.desktop/java.awt.EventDispatchThread.run(EventDispatchThread.java:92)
2023-03-28 00:53:05 ERROR ValidateButton.actionPerformed(108) - No task selected!
java.lang.NullPointerException
	at java.base/java.io.File.<init>(File.java:278)
	at com.homework.plugin.button.ValidateButton.actionPerformed(ValidateButton.java:65)
	at com.intellij.openapi.actionSystem.impl.ActionButton.actionPerformed(ActionButton.java:190)
	at com.intellij.openapi.actionSystem.impl.ActionButton.lambda$performAction$0(ActionButton.java:166)
	at com.intellij.openapi.actionSystem.ex.ActionUtil.performDumbAwareWithCallbacks(ActionUtil.java:337)
	at com.intellij.openapi.actionSystem.impl.ActionButton.performAction(ActionButton.java:166)
	at com.intellij.openapi.actionSystem.impl.ActionButton.processMouseEvent(ActionButton.java:465)
	at java.desktop/java.awt.Component.processEvent(Component.java:6413)
	at java.desktop/java.awt.Container.processEvent(Container.java:2266)
	at java.desktop/java.awt.Component.dispatchEventImpl(Component.java:5022)
	at java.desktop/java.awt.Container.dispatchEventImpl(Container.java:2324)
	at java.desktop/java.awt.Component.dispatchEvent(Component.java:4854)
	at java.desktop/java.awt.LightweightDispatcher.retargetMouseEvent(Container.java:4948)
	at java.desktop/java.awt.LightweightDispatcher.processMouseEvent(Container.java:4575)
	at java.desktop/java.awt.LightweightDispatcher.dispatchEvent(Container.java:4516)
	at java.desktop/java.awt.Container.dispatchEventImpl(Container.java:2310)
	at java.desktop/java.awt.Window.dispatchEventImpl(Window.java:2802)
	at java.desktop/java.awt.Component.dispatchEvent(Component.java:4854)
	at java.desktop/java.awt.EventQueue.dispatchEventImpl(EventQueue.java:781)
	at java.desktop/java.awt.EventQueue$4.run(EventQueue.java:730)
	at java.desktop/java.awt.EventQueue$4.run(EventQueue.java:724)
	at java.base/java.security.AccessController.doPrivileged(AccessController.java:399)
	at java.base/java.security.ProtectionDomain$JavaSecurityAccessImpl.doIntersectionPrivilege(ProtectionDomain.java:86)
	at java.base/java.security.ProtectionDomain$JavaSecurityAccessImpl.doIntersectionPrivilege(ProtectionDomain.java:97)
	at java.desktop/java.awt.EventQueue$5.run(EventQueue.java:754)
	at java.desktop/java.awt.EventQueue$5.run(EventQueue.java:752)
	at java.base/java.security.AccessController.doPrivileged(AccessController.java:399)
	at java.base/java.security.ProtectionDomain$JavaSecurityAccessImpl.doIntersectionPrivilege(ProtectionDomain.java:86)
	at java.desktop/java.awt.EventQueue.dispatchEvent(EventQueue.java:751)
	at com.intellij.ide.IdeEventQueue.defaultDispatchEvent(IdeEventQueue.java:918)
	at com.intellij.ide.IdeEventQueue.dispatchMouseEvent(IdeEventQueue.java:840)
	at com.intellij.ide.IdeEventQueue._dispatchEvent(IdeEventQueue.java:763)
	at com.intellij.ide.IdeEventQueue.lambda$dispatchEvent$6(IdeEventQueue.java:450)
	at com.intellij.openapi.progress.impl.CoreProgressManager.computePrioritized(CoreProgressManager.java:791)
	at com.intellij.ide.IdeEventQueue.lambda$dispatchEvent$7(IdeEventQueue.java:449)
	at com.intellij.openapi.application.TransactionGuardImpl.performActivity(TransactionGuardImpl.java:113)
	at com.intellij.ide.IdeEventQueue.performActivity(IdeEventQueue.java:624)
	at com.intellij.ide.IdeEventQueue.lambda$dispatchEvent$8(IdeEventQueue.java:447)
	at com.intellij.openapi.application.impl.ApplicationImpl.runIntendedWriteActionOnCurrentThread(ApplicationImpl.java:881)
	at com.intellij.ide.IdeEventQueue.dispatchEvent(IdeEventQueue.java:493)
	at java.desktop/java.awt.EventDispatchThread.pumpOneEventForFilters(EventDispatchThread.java:207)
	at java.desktop/java.awt.EventDispatchThread.pumpEventsForFilter(EventDispatchThread.java:128)
	at java.desktop/java.awt.EventDispatchThread.pumpEventsForHierarchy(EventDispatchThread.java:117)
	at java.desktop/java.awt.EventDispatchThread.pumpEvents(EventDispatchThread.java:113)
	at java.desktop/java.awt.EventDispatchThread.pumpEvents(EventDispatchThread.java:105)
	at java.desktop/java.awt.EventDispatchThread.run(EventDispatchThread.java:92)
2023-04-03 08:39:36 INFO  ProjectStartupHandler.projectClosing(155) - ---------- Project closed ----------

2023-04-03 08:39:36 INFO  PluginProjectService.dispose(41) - PluginProjectService for disposed.
2023-04-07 10:32:50 INFO  ProjectStartupHandler.runActivity(74) - ---------- Project opened ----------
2023-04-07 10:32:50 INFO  ProjectStartupHandler.runActivity(75) - ---------- Version 4.03 ----------

2023-04-07 10:32:50 INFO  ProjectStartupHandler.setAutoscrolls(346) - Autoscrolls successfully set
2023-04-07 10:32:50 INFO  ApacheHttpClient.isSessionAppropriateWithSecretKey(602) - Waiting for server response.
2023-04-07 10:32:50 INFO  ApacheHttpClient.refreshUserInfo(305) - responseCode = 200
2023-04-07 10:32:50 INFO  ApacheHttpClient.refreshUserInfo(311) - User information received.
2023-04-07 10:32:50 INFO  ApacheHttpClient.startGA(36) - GAService started.
2023-04-07 10:35:39 INFO  ApacheHttpClient.getWebResourceAsStream(502) - responseCode = 200
2023-04-07 10:35:39 INFO  ApacheHttpClient.getFilteredTasks(336) - responseCode = 200
2023-04-07 10:36:31 INFO  ApacheHttpClient.getTaskTemplateInfo(353) - responseCode = 200
2023-04-07 10:36:31 INFO  TaskInfoSelectorMouseListener.createDirectoryRecursive(78) - File created :C:/Users/rmorris/IdeaProjects/CodeGymTasks/1.JavaSyntax/src/en
2023-04-07 10:36:31 INFO  TaskInfoSelectorMouseListener.createDirectoryRecursive(78) - File created :C:/Users/rmorris/IdeaProjects/CodeGymTasks/1.JavaSyntax/src/en/codegym
2023-04-07 10:36:31 INFO  TaskInfoSelectorMouseListener.createDirectoryRecursive(78) - File created :C:/Users/rmorris/IdeaProjects/CodeGymTasks/1.JavaSyntax/src/en/codegym/task
2023-04-07 10:36:31 INFO  TaskInfoSelectorMouseListener.createDirectoryRecursive(78) - File created :C:/Users/rmorris/IdeaProjects/CodeGymTasks/1.JavaSyntax/src/en/codegym/task/pro
2023-04-07 10:36:31 INFO  TaskInfoSelectorMouseListener.createDirectoryRecursive(78) - File created :C:/Users/rmorris/IdeaProjects/CodeGymTasks/1.JavaSyntax/src/en/codegym/task/pro/task05
2023-04-07 10:36:31 INFO  TaskInfoSelectorMouseListener.createDirectoryRecursive(78) - File created :C:/Users/rmorris/IdeaProjects/CodeGymTasks/1.JavaSyntax/src/en/codegym/task/pro/task05/task0521
2023-04-07 10:55:35 INFO  ApacheHttpClient.getWebResourceAsStream(502) - responseCode = 200
2023-04-07 10:55:35 INFO  ApacheHttpClient.getTask(488) - responseCode = 200
2023-04-07 10:55:37 INFO  ApacheHttpClient.completed(32) - responseCode = 200
2023-04-07 10:59:40 INFO  ApacheHttpClient.getWebResourceAsStream(502) - responseCode = 200
2023-04-07 10:59:40 INFO  ApacheHttpClient.getTask(488) - responseCode = 200
2023-04-07 10:59:42 INFO  ApacheHttpClient.completed(32) - responseCode = 200
2023-04-07 11:02:48 INFO  ApacheHttpClient.getWebResourceAsStream(502) - responseCode = 200
2023-04-07 11:02:48 INFO  ApacheHttpClient.getTask(488) - responseCode = 200
2023-04-07 11:02:50 INFO  ApacheHttpClient.completed(32) - responseCode = 200
2023-04-07 11:02:50 INFO  ApacheHttpClient.getTask(488) - responseCode = 200
2023-04-07 11:04:01 INFO  ApacheHttpClient.getWebResourceAsStream(502) - responseCode = 200
2023-04-07 11:04:02 INFO  ApacheHttpClient.getFilteredTasks(336) - responseCode = 200
2023-04-07 11:04:21 INFO  ApacheHttpClient.getTaskTemplateInfo(353) - responseCode = 200
2023-04-07 11:04:22 INFO  TaskInfoSelectorMouseListener.createDirectoryRecursive(78) - File created :C:/Users/rmorris/IdeaProjects/CodeGymTasks/1.JavaSyntax/src/en/codegym/task/pro/task03
2023-04-07 11:04:22 INFO  TaskInfoSelectorMouseListener.createDirectoryRecursive(78) - File created :C:/Users/rmorris/IdeaProjects/CodeGymTasks/1.JavaSyntax/src/en/codegym/task/pro/task03/task0301
2023-04-07 11:08:54 INFO  ApacheHttpClient.getWebResourceAsStream(502) - responseCode = 200
2023-04-07 11:08:55 INFO  ApacheHttpClient.getFilteredTasks(336) - responseCode = 200
2023-04-07 11:09:30 INFO  ApacheHttpClient.getTaskTemplateInfo(353) - responseCode = 200
2023-04-07 11:16:26 INFO  ApacheHttpClient.getWebResourceAsStream(502) - responseCode = 200
2023-04-07 11:16:26 INFO  ApacheHttpClient.getTask(488) - responseCode = 200
2023-04-07 11:16:28 INFO  ApacheHttpClient.completed(32) - responseCode = 200
2023-04-07 11:17:06 INFO  ApacheHttpClient.getWebResourceAsStream(502) - responseCode = 200
2023-04-07 11:17:06 INFO  ApacheHttpClient.getTask(488) - responseCode = 200
2023-04-07 11:17:08 INFO  ApacheHttpClient.completed(32) - responseCode = 200
2023-04-07 11:17:08 INFO  ApacheHttpClient.getTask(488) - responseCode = 200
2023-04-07 11:24:19 INFO  ApacheHttpClient.getWebResourceAsStream(502) - responseCode = 200
2023-04-07 11:24:20 INFO  ApacheHttpClient.getFilteredTasks(336) - responseCode = 200
2023-04-07 11:24:33 INFO  ApacheHttpClient.getTaskTemplateInfo(353) - responseCode = 200
2023-04-07 11:24:33 INFO  TaskInfoSelectorMouseListener.createDirectoryRecursive(78) - File created :C:/Users/rmorris/IdeaProjects/CodeGymTasks/1.JavaSyntax/src/en/codegym/task/pro/task05/task0520
2023-04-07 11:48:30 INFO  ApacheHttpClient.getWebResourceAsStream(502) - responseCode = 200
2023-04-07 11:48:31 INFO  ApacheHttpClient.getTask(488) - responseCode = 200
2023-04-07 11:48:32 INFO  ApacheHttpClient.completed(32) - responseCode = 200
2023-04-07 11:52:44 INFO  ApacheHttpClient.getWebResourceAsStream(502) - responseCode = 200
2023-04-07 11:52:44 INFO  ApacheHttpClient.getTask(488) - responseCode = 200
2023-04-07 11:52:46 INFO  ApacheHttpClient.completed(32) - responseCode = 200
2023-04-07 12:08:29 INFO  ApacheHttpClient.getWebResourceAsStream(502) - responseCode = 200
2023-04-07 12:08:30 INFO  ApacheHttpClient.getTask(488) - responseCode = 200
2023-04-07 12:08:32 INFO  ApacheHttpClient.completed(32) - responseCode = 200
2023-04-07 12:08:32 INFO  ApacheHttpClient.getTask(488) - responseCode = 200
2023-04-07 12:09:13 INFO  ApacheHttpClient.getWebResourceAsStream(502) - responseCode = 200
2023-04-07 12:09:14 INFO  ApacheHttpClient.getFilteredTasks(336) - responseCode = 200
2023-04-07 12:09:31 INFO  ApacheHttpClient.getTaskTemplateInfo(353) - responseCode = 200
2023-04-07 12:09:31 INFO  TaskInfoSelectorMouseListener.createDirectoryRecursive(78) - File created :C:/Users/rmorris/IdeaProjects/CodeGymTasks/1.JavaSyntax/src/en/codegym/task/pro/task03/task0302
2023-04-07 12:19:36 INFO  ApacheHttpClient.getWebResourceAsStream(502) - responseCode = 200
2023-04-07 12:19:36 INFO  ApacheHttpClient.getTask(488) - responseCode = 200
2023-04-07 12:19:38 INFO  ApacheHttpClient.completed(32) - responseCode = 200
2023-04-07 12:20:26 INFO  ApacheHttpClient.getWebResourceAsStream(502) - responseCode = 200
2023-04-07 12:20:27 INFO  ApacheHttpClient.getTask(488) - responseCode = 200
2023-04-07 12:20:28 INFO  ApacheHttpClient.completed(32) - responseCode = 200
2023-04-07 12:30:57 INFO  ApacheHttpClient.getWebResourceAsStream(502) - responseCode = 200
2023-04-07 12:30:57 INFO  ApacheHttpClient.getTask(488) - responseCode = 200
2023-04-07 12:30:59 INFO  ApacheHttpClient.completed(32) - responseCode = 200
2023-04-07 12:40:43 INFO  ApacheHttpClient.getWebResourceAsStream(502) - responseCode = 200
2023-04-07 12:40:43 INFO  ApacheHttpClient.getTask(488) - responseCode = 200
2023-04-07 12:40:46 INFO  ApacheHttpClient.completed(32) - responseCode = 200
2023-04-07 12:44:43 INFO  ApacheHttpClient.getWebResourceAsStream(502) - responseCode = 200
2023-04-07 12:44:44 INFO  ApacheHttpClient.getTask(488) - responseCode = 200
2023-04-07 12:44:45 INFO  ApacheHttpClient.completed(32) - responseCode = 200
2023-04-07 12:46:29 INFO  ApacheHttpClient.getWebResourceAsStream(502) - responseCode = 200
2023-04-07 12:46:30 INFO  ApacheHttpClient.getFilteredTasks(336) - responseCode = 200
2023-04-07 12:50:14 INFO  ApacheHttpClient.getWebResourceAsStream(502) - responseCode = 200
2023-04-07 12:50:14 INFO  ApacheHttpClient.getTask(488) - responseCode = 200
2023-04-07 12:50:16 INFO  ApacheHttpClient.completed(32) - responseCode = 200
2023-04-07 12:50:17 INFO  ApacheHttpClient.getTask(488) - responseCode = 200
2023-04-07 12:51:13 INFO  ApacheHttpClient.getWebResourceAsStream(502) - responseCode = 200
2023-04-07 12:51:14 INFO  ApacheHttpClient.getFilteredTasks(336) - responseCode = 200
2023-04-07 12:51:36 INFO  ApacheHttpClient.getFilteredTasks(336) - responseCode = 200
2023-04-07 12:51:46 INFO  ApacheHttpClient.getFilteredTasks(336) - responseCode = 200
2023-04-07 12:52:07 INFO  ApacheHttpClient.getFilteredTasks(336) - responseCode = 200
2023-04-07 12:52:45 INFO  ApacheHttpClient.getTaskTemplateInfo(353) - responseCode = 200
2023-04-07 12:52:45 INFO  TaskInfoSelectorMouseListener.createDirectoryRecursive(78) - File created :C:/Users/rmorris/IdeaProjects/CodeGymTasks/1.JavaSyntax/src/en/codegym/task/pro/task03/task0304
2023-04-07 13:21:24 INFO  ApacheHttpClient.getWebResourceAsStream(502) - responseCode = 200
2023-04-07 13:21:24 INFO  ApacheHttpClient.getFilteredTasks(336) - responseCode = 200
2023-04-07 13:21:36 INFO  ApacheHttpClient.getTaskTemplateInfo(353) - responseCode = 200
2023-04-07 13:22:09 INFO  ApacheHttpClient.getWebResourceAsStream(502) - responseCode = 200
2023-04-07 13:22:09 INFO  ApacheHttpClient.getFilteredTasks(336) - responseCode = 200
2023-04-07 13:22:12 INFO  ApacheHttpClient.getTaskTemplateInfo(353) - responseCode = 200
2023-04-07 13:22:14 INFO  ApacheHttpClient.getTaskTemplateInfo(353) - responseCode = 200
2023-04-07 13:26:40 INFO  ApacheHttpClient.getWebResourceAsStream(502) - responseCode = 200
2023-04-07 13:26:41 INFO  ApacheHttpClient.getTask(488) - responseCode = 200
2023-04-07 13:26:43 INFO  ApacheHttpClient.completed(32) - responseCode = 200
2023-04-07 13:30:54 INFO  ApacheHttpClient.getWebResourceAsStream(502) - responseCode = 200
2023-04-07 13:30:54 INFO  ApacheHttpClient.getTask(488) - responseCode = 200
2023-04-07 13:30:56 INFO  ApacheHttpClient.completed(32) - responseCode = 200
2023-04-07 13:31:58 INFO  ApacheHttpClient.getWebResourceAsStream(502) - responseCode = 200
2023-04-07 13:31:59 INFO  ApacheHttpClient.getTask(488) - responseCode = 200
2023-04-07 13:32:00 INFO  ApacheHttpClient.completed(32) - responseCode = 200
2023-04-07 13:33:55 INFO  ApacheHttpClient.getWebResourceAsStream(502) - responseCode = 200
2023-04-07 13:33:56 INFO  ApacheHttpClient.getTask(488) - responseCode = 200
2023-04-07 13:33:58 INFO  ApacheHttpClient.completed(32) - responseCode = 200
2023-04-07 13:33:59 INFO  ApacheHttpClient.getTask(488) - responseCode = 200
2023-04-07 13:35:12 INFO  ApacheHttpClient.getWebResourceAsStream(502) - responseCode = 200
2023-04-07 13:35:12 INFO  ApacheHttpClient.getFilteredTasks(336) - responseCode = 200
2023-04-08 08:00:14 INFO  ApacheHttpClient.getTaskTemplateInfo(353) - responseCode = 200
2023-04-08 08:00:14 INFO  TaskInfoSelectorMouseListener.createDirectoryRecursive(78) - File created :C:/Users/rmorris/IdeaProjects/CodeGymTasks/1.JavaSyntax/src/en/codegym/task/pro/task03/task0305
2023-04-08 08:57:46 INFO  ApacheHttpClient.getWebResourceAsStream(502) - responseCode = 200
2023-04-08 08:57:46 INFO  ApacheHttpClient.getFilteredTasks(336) - responseCode = 200
2023-04-08 08:57:50 INFO  ApacheHttpClient.getTaskTemplateInfo(353) - responseCode = 200
2023-04-08 08:58:38 INFO  ApacheHttpClient.getWebResourceAsStream(502) - responseCode = 200
2023-04-08 08:58:39 INFO  ApacheHttpClient.getFilteredTasks(336) - responseCode = 200
2023-04-08 08:58:41 INFO  ApacheHttpClient.getTaskTemplateInfo(353) - responseCode = 200
2023-04-08 11:19:00 INFO  ApacheHttpClient.getWebResourceAsStream(502) - responseCode = 200
2023-04-08 11:19:01 INFO  ApacheHttpClient.getTask(488) - responseCode = 200
2023-04-08 11:19:03 INFO  ApacheHttpClient.completed(32) - responseCode = 200
2023-04-10 17:34:40 INFO  ApacheHttpClient.getWebResourceAsStream(502) - responseCode = 200
2023-04-10 17:34:41 INFO  ApacheHttpClient.getTask(488) - responseCode = 200
2023-04-10 17:34:43 INFO  ApacheHttpClient.completed(32) - responseCode = 200
2023-04-10 17:34:43 INFO  ApacheHttpClient.getTask(488) - responseCode = 200
2023-04-10 17:36:06 INFO  ApacheHttpClient.getWebResourceAsStream(502) - responseCode = 200
2023-04-10 17:36:06 INFO  ApacheHttpClient.getFilteredTasks(336) - responseCode = 200
2023-04-10 17:37:48 INFO  ApacheHttpClient.getTaskTemplateInfo(353) - responseCode = 200
2023-04-10 17:37:48 INFO  TaskInfoSelectorMouseListener.createDirectoryRecursive(78) - File created :C:/Users/rmorris/IdeaProjects/CodeGymTasks/1.JavaSyntax/src/en/codegym/task/pro/task03/task0307
2023-04-10 17:45:34 INFO  ApacheHttpClient.getWebResourceAsStream(502) - responseCode = 200
2023-04-10 17:45:34 INFO  ApacheHttpClient.getTask(488) - responseCode = 200
2023-04-10 17:45:36 INFO  ApacheHttpClient.completed(32) - responseCode = 200
2023-04-10 17:45:37 INFO  ApacheHttpClient.getTask(488) - responseCode = 200
2023-04-10 17:45:54 INFO  ApacheHttpClient.getWebResourceAsStream(502) - responseCode = 200
2023-04-10 17:45:54 INFO  ApacheHttpClient.getFilteredTasks(336) - responseCode = 200
2023-04-10 17:46:53 INFO  ApacheHttpClient.getTaskTemplateInfo(353) - responseCode = 200
2023-04-10 17:46:53 INFO  TaskInfoSelectorMouseListener.createDirectoryRecursive(78) - File created :C:/Users/rmorris/IdeaProjects/CodeGymTasks/1.JavaSyntax/src/en/codegym/task/pro/task03/task0308
2023-04-10 18:04:34 INFO  ApacheHttpClient.getWebResourceAsStream(502) - responseCode = 200
2023-04-10 18:04:34 INFO  ApacheHttpClient.getTask(488) - responseCode = 200
2023-04-10 18:04:37 INFO  ApacheHttpClient.completed(32) - responseCode = 200
2023-04-10 18:04:37 INFO  ApacheHttpClient.getTask(488) - responseCode = 200
2023-04-10 18:04:43 INFO  ApacheHttpClient.getWebResourceAsStream(502) - responseCode = 200
2023-04-10 18:04:44 INFO  ApacheHttpClient.getFilteredTasks(336) - responseCode = 200
2023-04-10 18:05:11 INFO  ApacheHttpClient.getTaskTemplateInfo(353) - responseCode = 200
2023-04-10 18:05:11 INFO  TaskInfoSelectorMouseListener.createDirectoryRecursive(78) - File created :C:/Users/rmorris/IdeaProjects/CodeGymTasks/1.JavaSyntax/src/en/codegym/task/pro/task03/task0306
2023-04-10 18:37:24 INFO  ApacheHttpClient.getWebResourceAsStream(502) - responseCode = 200
2023-04-10 18:37:24 INFO  ApacheHttpClient.getTask(488) - responseCode = 200
2023-04-10 18:37:26 INFO  ApacheHttpClient.completed(32) - responseCode = 200
2023-04-10 18:48:13 INFO  ApacheHttpClient.getWebResourceAsStream(502) - responseCode = 200
2023-04-10 18:48:14 INFO  ApacheHttpClient.getTask(488) - responseCode = 200
2023-04-10 18:48:15 INFO  ApacheHttpClient.completed(32) - responseCode = 200
2023-04-10 18:48:16 INFO  ApacheHttpClient.getTask(488) - responseCode = 200
2023-04-10 18:48:26 INFO  ApacheHttpClient.getWebResourceAsStream(502) - responseCode = 200
2023-04-10 18:48:26 INFO  ApacheHttpClient.getFilteredTasks(336) - responseCode = 200
2023-04-10 18:48:56 INFO  TaskInfoSelectorMouseListener.createDirectoryRecursive(78) - File created :C:/Users/rmorris/IdeaProjects/CodeGymTasks/lib
2023-04-10 18:48:56 INFO  ApacheHttpClient.getWebResourceAsStream(502) - responseCode = 200
2023-04-10 18:48:56 INFO  ApacheHttpClient.getWebResourceAsStream(502) - responseCode = 200
2023-04-10 18:48:57 INFO  ApacheHttpClient.getTaskTemplateInfo(353) - responseCode = 200
2023-04-10 18:48:57 INFO  TaskInfoSelectorMouseListener.createDirectoryRecursive(78) - File created :C:/Users/rmorris/IdeaProjects/CodeGymTasks/8.Games/src/com
2023-04-10 18:48:57 INFO  TaskInfoSelectorMouseListener.createDirectoryRecursive(78) - File created :C:/Users/rmorris/IdeaProjects/CodeGymTasks/8.Games/src/com/codegym
2023-04-10 18:48:57 INFO  TaskInfoSelectorMouseListener.createDirectoryRecursive(78) - File created :C:/Users/rmorris/IdeaProjects/CodeGymTasks/8.Games/src/com/codegym/games
2023-04-10 18:48:57 INFO  TaskInfoSelectorMouseListener.createDirectoryRecursive(78) - File created :C:/Users/rmorris/IdeaProjects/CodeGymTasks/8.Games/src/com/codegym/games/minesweeper
2023-04-10 18:58:24 INFO  ApacheHttpClient.getWebResourceAsStream(502) - responseCode = 200
2023-04-10 18:58:24 WARN  PluginUtil.getCurrentTask(77) - Error while retrieving the task key.
java.lang.StringIndexOutOfBoundsException: begin -1, end 75, length 75
	at java.base/java.lang.String.checkBoundsBeginEnd(String.java:4604)
	at java.base/java.lang.String.substring(String.java:2707)
	at java.base/java.lang.String.substring(String.java:2680)
	at com.homework.plugin.PluginUtil.getCurrentVirtualFile(PluginUtil.java:159)
	at com.homework.plugin.PluginUtil.getCurrentTask(PluginUtil.java:68)
	at com.homework.plugin.button.ValidateButton.actionPerformed(ValidateButton.java:57)
	at com.intellij.openapi.actionSystem.impl.ActionButton.actionPerformed(ActionButton.java:190)
	at com.intellij.openapi.actionSystem.impl.ActionButton.lambda$performAction$0(ActionButton.java:166)
	at com.intellij.openapi.actionSystem.ex.ActionUtil.performDumbAwareWithCallbacks(ActionUtil.java:337)
	at com.intellij.openapi.actionSystem.impl.ActionButton.performAction(ActionButton.java:166)
	at com.intellij.openapi.actionSystem.impl.ActionButton.processMouseEvent(ActionButton.java:465)
	at java.desktop/java.awt.Component.processEvent(Component.java:6413)
	at java.desktop/java.awt.Container.processEvent(Container.java:2266)
	at java.desktop/java.awt.Component.dispatchEventImpl(Component.java:5022)
	at java.desktop/java.awt.Container.dispatchEventImpl(Container.java:2324)
	at java.desktop/java.awt.Component.dispatchEvent(Component.java:4854)
	at java.desktop/java.awt.LightweightDispatcher.retargetMouseEvent(Container.java:4948)
	at java.desktop/java.awt.LightweightDispatcher.processMouseEvent(Container.java:4575)
	at java.desktop/java.awt.LightweightDispatcher.dispatchEvent(Container.java:4516)
	at java.desktop/java.awt.Container.dispatchEventImpl(Container.java:2310)
	at java.desktop/java.awt.Window.dispatchEventImpl(Window.java:2802)
	at java.desktop/java.awt.Component.dispatchEvent(Component.java:4854)
	at java.desktop/java.awt.EventQueue.dispatchEventImpl(EventQueue.java:781)
	at java.desktop/java.awt.EventQueue$4.run(EventQueue.java:730)
	at java.desktop/java.awt.EventQueue$4.run(EventQueue.java:724)
	at java.base/java.security.AccessController.doPrivileged(AccessController.java:399)
	at java.base/java.security.ProtectionDomain$JavaSecurityAccessImpl.doIntersectionPrivilege(ProtectionDomain.java:86)
	at java.base/java.security.ProtectionDomain$JavaSecurityAccessImpl.doIntersectionPrivilege(ProtectionDomain.java:97)
	at java.desktop/java.awt.EventQueue$5.run(EventQueue.java:754)
	at java.desktop/java.awt.EventQueue$5.run(EventQueue.java:752)
	at java.base/java.security.AccessController.doPrivileged(AccessController.java:399)
	at java.base/java.security.ProtectionDomain$JavaSecurityAccessImpl.doIntersectionPrivilege(ProtectionDomain.java:86)
	at java.desktop/java.awt.EventQueue.dispatchEvent(EventQueue.java:751)
	at com.intellij.ide.IdeEventQueue.defaultDispatchEvent(IdeEventQueue.java:918)
	at com.intellij.ide.IdeEventQueue.dispatchMouseEvent(IdeEventQueue.java:840)
	at com.intellij.ide.IdeEventQueue._dispatchEvent(IdeEventQueue.java:763)
	at com.intellij.ide.IdeEventQueue.lambda$dispatchEvent$6(IdeEventQueue.java:450)
	at com.intellij.openapi.progress.impl.CoreProgressManager.computePrioritized(CoreProgressManager.java:791)
	at com.intellij.ide.IdeEventQueue.lambda$dispatchEvent$7(IdeEventQueue.java:449)
	at com.intellij.openapi.application.TransactionGuardImpl.performActivity(TransactionGuardImpl.java:113)
	at com.intellij.ide.IdeEventQueue.performActivity(IdeEventQueue.java:624)
	at com.intellij.ide.IdeEventQueue.lambda$dispatchEvent$8(IdeEventQueue.java:447)
	at com.intellij.openapi.application.impl.ApplicationImpl.runIntendedWriteActionOnCurrentThread(ApplicationImpl.java:881)
	at com.intellij.ide.IdeEventQueue.dispatchEvent(IdeEventQueue.java:493)
	at java.desktop/java.awt.EventDispatchThread.pumpOneEventForFilters(EventDispatchThread.java:207)
	at java.desktop/java.awt.EventDispatchThread.pumpEventsForFilter(EventDispatchThread.java:128)
	at java.desktop/java.awt.EventDispatchThread.pumpEventsForHierarchy(EventDispatchThread.java:117)
	at java.desktop/java.awt.EventDispatchThread.pumpEvents(EventDispatchThread.java:113)
	at java.desktop/java.awt.EventDispatchThread.pumpEvents(EventDispatchThread.java:105)
	at java.desktop/java.awt.EventDispatchThread.run(EventDispatchThread.java:92)
2023-04-10 18:58:24 WARN  PluginUtil.getCurrentDirectory(108) - Error while getting the current directory.
java.lang.StringIndexOutOfBoundsException: begin -1, end 75, length 75
	at java.base/java.lang.String.checkBoundsBeginEnd(String.java:4604)
	at java.base/java.lang.String.substring(String.java:2707)
	at java.base/java.lang.String.substring(String.java:2680)
	at com.homework.plugin.PluginUtil.getCurrentVirtualFile(PluginUtil.java:159)
	at com.homework.plugin.PluginUtil.getCurrentDirectory(PluginUtil.java:106)
	at com.homework.plugin.button.ValidateButton.actionPerformed(ValidateButton.java:62)
	at com.intellij.openapi.actionSystem.impl.ActionButton.actionPerformed(ActionButton.java:190)
	at com.intellij.openapi.actionSystem.impl.ActionButton.lambda$performAction$0(ActionButton.java:166)
	at com.intellij.openapi.actionSystem.ex.ActionUtil.performDumbAwareWithCallbacks(ActionUtil.java:337)
	at com.intellij.openapi.actionSystem.impl.ActionButton.performAction(ActionButton.java:166)
	at com.intellij.openapi.actionSystem.impl.ActionButton.processMouseEvent(ActionButton.java:465)
	at java.desktop/java.awt.Component.processEvent(Component.java:6413)
	at java.desktop/java.awt.Container.processEvent(Container.java:2266)
	at java.desktop/java.awt.Component.dispatchEventImpl(Component.java:5022)
	at java.desktop/java.awt.Container.dispatchEventImpl(Container.java:2324)
	at java.desktop/java.awt.Component.dispatchEvent(Component.java:4854)
	at java.desktop/java.awt.LightweightDispatcher.retargetMouseEvent(Container.java:4948)
	at java.desktop/java.awt.LightweightDispatcher.processMouseEvent(Container.java:4575)
	at java.desktop/java.awt.LightweightDispatcher.dispatchEvent(Container.java:4516)
	at java.desktop/java.awt.Container.dispatchEventImpl(Container.java:2310)
	at java.desktop/java.awt.Window.dispatchEventImpl(Window.java:2802)
	at java.desktop/java.awt.Component.dispatchEvent(Component.java:4854)
	at java.desktop/java.awt.EventQueue.dispatchEventImpl(EventQueue.java:781)
	at java.desktop/java.awt.EventQueue$4.run(EventQueue.java:730)
	at java.desktop/java.awt.EventQueue$4.run(EventQueue.java:724)
	at java.base/java.security.AccessController.doPrivileged(AccessController.java:399)
	at java.base/java.security.ProtectionDomain$JavaSecurityAccessImpl.doIntersectionPrivilege(ProtectionDomain.java:86)
	at java.base/java.security.ProtectionDomain$JavaSecurityAccessImpl.doIntersectionPrivilege(ProtectionDomain.java:97)
	at java.desktop/java.awt.EventQueue$5.run(EventQueue.java:754)
	at java.desktop/java.awt.EventQueue$5.run(EventQueue.java:752)
	at java.base/java.security.AccessController.doPrivileged(AccessController.java:399)
	at java.base/java.security.ProtectionDomain$JavaSecurityAccessImpl.doIntersectionPrivilege(ProtectionDomain.java:86)
	at java.desktop/java.awt.EventQueue.dispatchEvent(EventQueue.java:751)
	at com.intellij.ide.IdeEventQueue.defaultDispatchEvent(IdeEventQueue.java:918)
	at com.intellij.ide.IdeEventQueue.dispatchMouseEvent(IdeEventQueue.java:840)
	at com.intellij.ide.IdeEventQueue._dispatchEvent(IdeEventQueue.java:763)
	at com.intellij.ide.IdeEventQueue.lambda$dispatchEvent$6(IdeEventQueue.java:450)
	at com.intellij.openapi.progress.impl.CoreProgressManager.computePrioritized(CoreProgressManager.java:791)
	at com.intellij.ide.IdeEventQueue.lambda$dispatchEvent$7(IdeEventQueue.java:449)
	at com.intellij.openapi.application.TransactionGuardImpl.performActivity(TransactionGuardImpl.java:113)
	at com.intellij.ide.IdeEventQueue.performActivity(IdeEventQueue.java:624)
	at com.intellij.ide.IdeEventQueue.lambda$dispatchEvent$8(IdeEventQueue.java:447)
	at com.intellij.openapi.application.impl.ApplicationImpl.runIntendedWriteActionOnCurrentThread(ApplicationImpl.java:881)
	at com.intellij.ide.IdeEventQueue.dispatchEvent(IdeEventQueue.java:493)
	at java.desktop/java.awt.EventDispatchThread.pumpOneEventForFilters(EventDispatchThread.java:207)
	at java.desktop/java.awt.EventDispatchThread.pumpEventsForFilter(EventDispatchThread.java:128)
	at java.desktop/java.awt.EventDispatchThread.pumpEventsForHierarchy(EventDispatchThread.java:117)
	at java.desktop/java.awt.EventDispatchThread.pumpEvents(EventDispatchThread.java:113)
	at java.desktop/java.awt.EventDispatchThread.pumpEvents(EventDispatchThread.java:105)
	at java.desktop/java.awt.EventDispatchThread.run(EventDispatchThread.java:92)
2023-04-10 18:58:24 WARN  PluginUtil.getCurrentDirectory(108) - Error while getting the current directory.
java.lang.StringIndexOutOfBoundsException: begin -1, end 75, length 75
	at java.base/java.lang.String.checkBoundsBeginEnd(String.java:4604)
	at java.base/java.lang.String.substring(String.java:2707)
	at java.base/java.lang.String.substring(String.java:2680)
	at com.homework.plugin.PluginUtil.getCurrentVirtualFile(PluginUtil.java:159)
	at com.homework.plugin.PluginUtil.getCurrentDirectory(PluginUtil.java:106)
	at com.homework.plugin.PluginUtil.getTaskTitle(PluginUtil.java:83)
	at com.homework.plugin.button.ValidateButton.actionPerformed(ValidateButton.java:85)
	at com.intellij.openapi.actionSystem.impl.ActionButton.actionPerformed(ActionButton.java:190)
	at com.intellij.openapi.actionSystem.impl.ActionButton.lambda$performAction$0(ActionButton.java:166)
	at com.intellij.openapi.actionSystem.ex.ActionUtil.performDumbAwareWithCallbacks(ActionUtil.java:337)
	at com.intellij.openapi.actionSystem.impl.ActionButton.performAction(ActionButton.java:166)
	at com.intellij.openapi.actionSystem.impl.ActionButton.processMouseEvent(ActionButton.java:465)
	at java.desktop/java.awt.Component.processEvent(Component.java:6413)
	at java.desktop/java.awt.Container.processEvent(Container.java:2266)
	at java.desktop/java.awt.Component.dispatchEventImpl(Component.java:5022)
	at java.desktop/java.awt.Container.dispatchEventImpl(Container.java:2324)
	at java.desktop/java.awt.Component.dispatchEvent(Component.java:4854)
	at java.desktop/java.awt.LightweightDispatcher.retargetMouseEvent(Container.java:4948)
	at java.desktop/java.awt.LightweightDispatcher.processMouseEvent(Container.java:4575)
	at java.desktop/java.awt.LightweightDispatcher.dispatchEvent(Container.java:4516)
	at java.desktop/java.awt.Container.dispatchEventImpl(Container.java:2310)
	at java.desktop/java.awt.Window.dispatchEventImpl(Window.java:2802)
	at java.desktop/java.awt.Component.dispatchEvent(Component.java:4854)
	at java.desktop/java.awt.EventQueue.dispatchEventImpl(EventQueue.java:781)
	at java.desktop/java.awt.EventQueue$4.run(EventQueue.java:730)
	at java.desktop/java.awt.EventQueue$4.run(EventQueue.java:724)
	at java.base/java.security.AccessController.doPrivileged(AccessController.java:399)
	at java.base/java.security.ProtectionDomain$JavaSecurityAccessImpl.doIntersectionPrivilege(ProtectionDomain.java:86)
	at java.base/java.security.ProtectionDomain$JavaSecurityAccessImpl.doIntersectionPrivilege(ProtectionDomain.java:97)
	at java.desktop/java.awt.EventQueue$5.run(EventQueue.java:754)
	at java.desktop/java.awt.EventQueue$5.run(EventQueue.java:752)
	at java.base/java.security.AccessController.doPrivileged(AccessController.java:399)
	at java.base/java.security.ProtectionDomain$JavaSecurityAccessImpl.doIntersectionPrivilege(ProtectionDomain.java:86)
	at java.desktop/java.awt.EventQueue.dispatchEvent(EventQueue.java:751)
	at com.intellij.ide.IdeEventQueue.defaultDispatchEvent(IdeEventQueue.java:918)
	at com.intellij.ide.IdeEventQueue.dispatchMouseEvent(IdeEventQueue.java:840)
	at com.intellij.ide.IdeEventQueue._dispatchEvent(IdeEventQueue.java:763)
	at com.intellij.ide.IdeEventQueue.lambda$dispatchEvent$6(IdeEventQueue.java:450)
	at com.intellij.openapi.progress.impl.CoreProgressManager.computePrioritized(CoreProgressManager.java:791)
	at com.intellij.ide.IdeEventQueue.lambda$dispatchEvent$7(IdeEventQueue.java:449)
	at com.intellij.openapi.application.TransactionGuardImpl.performActivity(TransactionGuardImpl.java:113)
	at com.intellij.ide.IdeEventQueue.performActivity(IdeEventQueue.java:624)
	at com.intellij.ide.IdeEventQueue.lambda$dispatchEvent$8(IdeEventQueue.java:447)
	at com.intellij.openapi.application.impl.ApplicationImpl.runIntendedWriteActionOnCurrentThread(ApplicationImpl.java:881)
	at com.intellij.ide.IdeEventQueue.dispatchEvent(IdeEventQueue.java:493)
	at java.desktop/java.awt.EventDispatchThread.pumpOneEventForFilters(EventDispatchThread.java:207)
	at java.desktop/java.awt.EventDispatchThread.pumpEventsForFilter(EventDispatchThread.java:128)
	at java.desktop/java.awt.EventDispatchThread.pumpEventsForHierarchy(EventDispatchThread.java:117)
	at java.desktop/java.awt.EventDispatchThread.pumpEvents(EventDispatchThread.java:113)
	at java.desktop/java.awt.EventDispatchThread.pumpEvents(EventDispatchThread.java:105)
	at java.desktop/java.awt.EventDispatchThread.run(EventDispatchThread.java:92)
2023-04-10 18:58:24 INFO  ApacheHttpClient.getTask(488) - responseCode = 200
2023-04-10 18:58:24 INFO  ApacheHttpClient.completed(32) - responseCode = 200
2023-04-10 18:58:24 ERROR TaskCompleted.run(151) - Exception during task verification.
java.lang.NullPointerException: Cannot read field "type" because "taskRunResult.validationResult" is null
	at com.homework.plugin.callback.TaskCompleted.run(TaskCompleted.java:112)
	at com.intellij.openapi.application.TransactionGuardImpl.runWithWritingAllowed(TransactionGuardImpl.java:209)
	at com.intellij.openapi.application.TransactionGuardImpl.access$100(TransactionGuardImpl.java:21)
	at com.intellij.openapi.application.TransactionGuardImpl$1.run(TransactionGuardImpl.java:191)
	at com.intellij.openapi.application.impl.ApplicationImpl.runIntendedWriteActionOnCurrentThread(ApplicationImpl.java:881)
	at com.intellij.openapi.application.impl.ApplicationImpl$3.run(ApplicationImpl.java:513)
	at com.intellij.openapi.application.impl.FlushQueue.doRun(FlushQueue.java:75)
	at com.intellij.openapi.application.impl.FlushQueue.runNextEvent(FlushQueue.java:118)
	at com.intellij.openapi.application.impl.FlushQueue.flushNow(FlushQueue.java:42)
	at java.desktop/java.awt.event.InvocationEvent.dispatch(InvocationEvent.java:318)
	at java.desktop/java.awt.EventQueue.dispatchEventImpl(EventQueue.java:779)
	at java.desktop/java.awt.EventQueue$4.run(EventQueue.java:730)
	at java.desktop/java.awt.EventQueue$4.run(EventQueue.java:724)
	at java.base/java.security.AccessController.doPrivileged(AccessController.java:399)
	at java.base/java.security.ProtectionDomain$JavaSecurityAccessImpl.doIntersectionPrivilege(ProtectionDomain.java:86)
	at java.desktop/java.awt.EventQueue.dispatchEvent(EventQueue.java:749)
	at com.intellij.ide.IdeEventQueue.defaultDispatchEvent(IdeEventQueue.java:918)
	at com.intellij.ide.IdeEventQueue._dispatchEvent(IdeEventQueue.java:766)
	at com.intellij.ide.IdeEventQueue.lambda$dispatchEvent$6(IdeEventQueue.java:450)
	at com.intellij.openapi.progress.impl.CoreProgressManager.computePrioritized(CoreProgressManager.java:791)
	at com.intellij.ide.IdeEventQueue.lambda$dispatchEvent$7(IdeEventQueue.java:449)
	at com.intellij.openapi.application.TransactionGuardImpl.performActivity(TransactionGuardImpl.java:105)
	at com.intellij.ide.IdeEventQueue.performActivity(IdeEventQueue.java:624)
	at com.intellij.ide.IdeEventQueue.lambda$dispatchEvent$8(IdeEventQueue.java:447)
	at com.intellij.openapi.application.impl.ApplicationImpl.runIntendedWriteActionOnCurrentThread(ApplicationImpl.java:881)
	at com.intellij.ide.IdeEventQueue.dispatchEvent(IdeEventQueue.java:493)
	at java.desktop/java.awt.EventDispatchThread.pumpOneEventForFilters(EventDispatchThread.java:207)
	at java.desktop/java.awt.EventDispatchThread.pumpEventsForFilter(EventDispatchThread.java:128)
	at java.desktop/java.awt.EventDispatchThread.pumpEventsForHierarchy(EventDispatchThread.java:117)
	at java.desktop/java.awt.EventDispatchThread.pumpEvents(EventDispatchThread.java:113)
	at java.desktop/java.awt.EventDispatchThread.pumpEvents(EventDispatchThread.java:105)
	at java.desktop/java.awt.EventDispatchThread.run(EventDispatchThread.java:92)
2023-04-10 18:58:53 INFO  ApacheHttpClient.getWebResourceAsStream(502) - responseCode = 200
2023-04-10 18:58:53 WARN  PluginUtil.getCurrentTask(77) - Error while retrieving the task key.
java.lang.StringIndexOutOfBoundsException: begin -1, end 75, length 75
	at java.base/java.lang.String.checkBoundsBeginEnd(String.java:4604)
	at java.base/java.lang.String.substring(String.java:2707)
	at java.base/java.lang.String.substring(String.java:2680)
	at com.homework.plugin.PluginUtil.getCurrentVirtualFile(PluginUtil.java:159)
	at com.homework.plugin.PluginUtil.getCurrentTask(PluginUtil.java:68)
	at com.homework.plugin.button.ValidateButton.actionPerformed(ValidateButton.java:57)
	at com.intellij.openapi.actionSystem.impl.ActionButton.actionPerformed(ActionButton.java:190)
	at com.intellij.openapi.actionSystem.impl.ActionButton.lambda$performAction$0(ActionButton.java:166)
	at com.intellij.openapi.actionSystem.ex.ActionUtil.performDumbAwareWithCallbacks(ActionUtil.java:337)
	at com.intellij.openapi.actionSystem.impl.ActionButton.performAction(ActionButton.java:166)
	at com.intellij.openapi.actionSystem.impl.ActionButton.processMouseEvent(ActionButton.java:465)
	at java.desktop/java.awt.Component.processEvent(Component.java:6413)
	at java.desktop/java.awt.Container.processEvent(Container.java:2266)
	at java.desktop/java.awt.Component.dispatchEventImpl(Component.java:5022)
	at java.desktop/java.awt.Container.dispatchEventImpl(Container.java:2324)
	at java.desktop/java.awt.Component.dispatchEvent(Component.java:4854)
	at java.desktop/java.awt.LightweightDispatcher.retargetMouseEvent(Container.java:4948)
	at java.desktop/java.awt.LightweightDispatcher.processMouseEvent(Container.java:4575)
	at java.desktop/java.awt.LightweightDispatcher.dispatchEvent(Container.java:4516)
	at java.desktop/java.awt.Container.dispatchEventImpl(Container.java:2310)
	at java.desktop/java.awt.Window.dispatchEventImpl(Window.java:2802)
	at java.desktop/java.awt.Component.dispatchEvent(Component.java:4854)
	at java.desktop/java.awt.EventQueue.dispatchEventImpl(EventQueue.java:781)
	at java.desktop/java.awt.EventQueue$4.run(EventQueue.java:730)
	at java.desktop/java.awt.EventQueue$4.run(EventQueue.java:724)
	at java.base/java.security.AccessController.doPrivileged(AccessController.java:399)
	at java.base/java.security.ProtectionDomain$JavaSecurityAccessImpl.doIntersectionPrivilege(ProtectionDomain.java:86)
	at java.base/java.security.ProtectionDomain$JavaSecurityAccessImpl.doIntersectionPrivilege(ProtectionDomain.java:97)
	at java.desktop/java.awt.EventQueue$5.run(EventQueue.java:754)
	at java.desktop/java.awt.EventQueue$5.run(EventQueue.java:752)
	at java.base/java.security.AccessController.doPrivileged(AccessController.java:399)
	at java.base/java.security.ProtectionDomain$JavaSecurityAccessImpl.doIntersectionPrivilege(ProtectionDomain.java:86)
	at java.desktop/java.awt.EventQueue.dispatchEvent(EventQueue.java:751)
	at com.intellij.ide.IdeEventQueue.defaultDispatchEvent(IdeEventQueue.java:918)
	at com.intellij.ide.IdeEventQueue.dispatchMouseEvent(IdeEventQueue.java:840)
	at com.intellij.ide.IdeEventQueue._dispatchEvent(IdeEventQueue.java:763)
	at com.intellij.ide.IdeEventQueue.lambda$dispatchEvent$6(IdeEventQueue.java:450)
	at com.intellij.openapi.progress.impl.CoreProgressManager.computePrioritized(CoreProgressManager.java:791)
	at com.intellij.ide.IdeEventQueue.lambda$dispatchEvent$7(IdeEventQueue.java:449)
	at com.intellij.openapi.application.TransactionGuardImpl.performActivity(TransactionGuardImpl.java:113)
	at com.intellij.ide.IdeEventQueue.performActivity(IdeEventQueue.java:624)
	at com.intellij.ide.IdeEventQueue.lambda$dispatchEvent$8(IdeEventQueue.java:447)
	at com.intellij.openapi.application.impl.ApplicationImpl.runIntendedWriteActionOnCurrentThread(ApplicationImpl.java:881)
	at com.intellij.ide.IdeEventQueue.dispatchEvent(IdeEventQueue.java:493)
	at java.desktop/java.awt.EventDispatchThread.pumpOneEventForFilters(EventDispatchThread.java:207)
	at java.desktop/java.awt.EventDispatchThread.pumpEventsForFilter(EventDispatchThread.java:128)
	at java.desktop/java.awt.EventDispatchThread.pumpEventsForHierarchy(EventDispatchThread.java:117)
	at java.desktop/java.awt.EventDispatchThread.pumpEvents(EventDispatchThread.java:113)
	at java.desktop/java.awt.EventDispatchThread.pumpEvents(EventDispatchThread.java:105)
	at java.desktop/java.awt.EventDispatchThread.run(EventDispatchThread.java:92)
2023-04-10 18:58:53 WARN  PluginUtil.getCurrentDirectory(108) - Error while getting the current directory.
java.lang.StringIndexOutOfBoundsException: begin -1, end 75, length 75
	at java.base/java.lang.String.checkBoundsBeginEnd(String.java:4604)
	at java.base/java.lang.String.substring(String.java:2707)
	at java.base/java.lang.String.substring(String.java:2680)
	at com.homework.plugin.PluginUtil.getCurrentVirtualFile(PluginUtil.java:159)
	at com.homework.plugin.PluginUtil.getCurrentDirectory(PluginUtil.java:106)
	at com.homework.plugin.button.ValidateButton.actionPerformed(ValidateButton.java:62)
	at com.intellij.openapi.actionSystem.impl.ActionButton.actionPerformed(ActionButton.java:190)
	at com.intellij.openapi.actionSystem.impl.ActionButton.lambda$performAction$0(ActionButton.java:166)
	at com.intellij.openapi.actionSystem.ex.ActionUtil.performDumbAwareWithCallbacks(ActionUtil.java:337)
	at com.intellij.openapi.actionSystem.impl.ActionButton.performAction(ActionButton.java:166)
	at com.intellij.openapi.actionSystem.impl.ActionButton.processMouseEvent(ActionButton.java:465)
	at java.desktop/java.awt.Component.processEvent(Component.java:6413)
	at java.desktop/java.awt.Container.processEvent(Container.java:2266)
	at java.desktop/java.awt.Component.dispatchEventImpl(Component.java:5022)
	at java.desktop/java.awt.Container.dispatchEventImpl(Container.java:2324)
	at java.desktop/java.awt.Component.dispatchEvent(Component.java:4854)
	at java.desktop/java.awt.LightweightDispatcher.retargetMouseEvent(Container.java:4948)
	at java.desktop/java.awt.LightweightDispatcher.processMouseEvent(Container.java:4575)
	at java.desktop/java.awt.LightweightDispatcher.dispatchEvent(Container.java:4516)
	at java.desktop/java.awt.Container.dispatchEventImpl(Container.java:2310)
	at java.desktop/java.awt.Window.dispatchEventImpl(Window.java:2802)
	at java.desktop/java.awt.Component.dispatchEvent(Component.java:4854)
	at java.desktop/java.awt.EventQueue.dispatchEventImpl(EventQueue.java:781)
	at java.desktop/java.awt.EventQueue$4.run(EventQueue.java:730)
	at java.desktop/java.awt.EventQueue$4.run(EventQueue.java:724)
	at java.base/java.security.AccessController.doPrivileged(AccessController.java:399)
	at java.base/java.security.ProtectionDomain$JavaSecurityAccessImpl.doIntersectionPrivilege(ProtectionDomain.java:86)
	at java.base/java.security.ProtectionDomain$JavaSecurityAccessImpl.doIntersectionPrivilege(ProtectionDomain.java:97)
	at java.desktop/java.awt.EventQueue$5.run(EventQueue.java:754)
	at java.desktop/java.awt.EventQueue$5.run(EventQueue.java:752)
	at java.base/java.security.AccessController.doPrivileged(AccessController.java:399)
	at java.base/java.security.ProtectionDomain$JavaSecurityAccessImpl.doIntersectionPrivilege(ProtectionDomain.java:86)
	at java.desktop/java.awt.EventQueue.dispatchEvent(EventQueue.java:751)
	at com.intellij.ide.IdeEventQueue.defaultDispatchEvent(IdeEventQueue.java:918)
	at com.intellij.ide.IdeEventQueue.dispatchMouseEvent(IdeEventQueue.java:840)
	at com.intellij.ide.IdeEventQueue._dispatchEvent(IdeEventQueue.java:763)
	at com.intellij.ide.IdeEventQueue.lambda$dispatchEvent$6(IdeEventQueue.java:450)
	at com.intellij.openapi.progress.impl.CoreProgressManager.computePrioritized(CoreProgressManager.java:791)
	at com.intellij.ide.IdeEventQueue.lambda$dispatchEvent$7(IdeEventQueue.java:449)
	at com.intellij.openapi.application.TransactionGuardImpl.performActivity(TransactionGuardImpl.java:113)
	at com.intellij.ide.IdeEventQueue.performActivity(IdeEventQueue.java:624)
	at com.intellij.ide.IdeEventQueue.lambda$dispatchEvent$8(IdeEventQueue.java:447)
	at com.intellij.openapi.application.impl.ApplicationImpl.runIntendedWriteActionOnCurrentThread(ApplicationImpl.java:881)
	at com.intellij.ide.IdeEventQueue.dispatchEvent(IdeEventQueue.java:493)
	at java.desktop/java.awt.EventDispatchThread.pumpOneEventForFilters(EventDispatchThread.java:207)
	at java.desktop/java.awt.EventDispatchThread.pumpEventsForFilter(EventDispatchThread.java:128)
	at java.desktop/java.awt.EventDispatchThread.pumpEventsForHierarchy(EventDispatchThread.java:117)
	at java.desktop/java.awt.EventDispatchThread.pumpEvents(EventDispatchThread.java:113)
	at java.desktop/java.awt.EventDispatchThread.pumpEvents(EventDispatchThread.java:105)
	at java.desktop/java.awt.EventDispatchThread.run(EventDispatchThread.java:92)
2023-04-10 18:58:53 WARN  PluginUtil.getCurrentDirectory(108) - Error while getting the current directory.
java.lang.StringIndexOutOfBoundsException: begin -1, end 75, length 75
	at java.base/java.lang.String.checkBoundsBeginEnd(String.java:4604)
	at java.base/java.lang.String.substring(String.java:2707)
	at java.base/java.lang.String.substring(String.java:2680)
	at com.homework.plugin.PluginUtil.getCurrentVirtualFile(PluginUtil.java:159)
	at com.homework.plugin.PluginUtil.getCurrentDirectory(PluginUtil.java:106)
	at com.homework.plugin.PluginUtil.getTaskTitle(PluginUtil.java:83)
	at com.homework.plugin.button.ValidateButton.actionPerformed(ValidateButton.java:85)
	at com.intellij.openapi.actionSystem.impl.ActionButton.actionPerformed(ActionButton.java:190)
	at com.intellij.openapi.actionSystem.impl.ActionButton.lambda$performAction$0(ActionButton.java:166)
	at com.intellij.openapi.actionSystem.ex.ActionUtil.performDumbAwareWithCallbacks(ActionUtil.java:337)
	at com.intellij.openapi.actionSystem.impl.ActionButton.performAction(ActionButton.java:166)
	at com.intellij.openapi.actionSystem.impl.ActionButton.processMouseEvent(ActionButton.java:465)
	at java.desktop/java.awt.Component.processEvent(Component.java:6413)
	at java.desktop/java.awt.Container.processEvent(Container.java:2266)
	at java.desktop/java.awt.Component.dispatchEventImpl(Component.java:5022)
	at java.desktop/java.awt.Container.dispatchEventImpl(Container.java:2324)
	at java.desktop/java.awt.Component.dispatchEvent(Component.java:4854)
	at java.desktop/java.awt.LightweightDispatcher.retargetMouseEvent(Container.java:4948)
	at java.desktop/java.awt.LightweightDispatcher.processMouseEvent(Container.java:4575)
	at java.desktop/java.awt.LightweightDispatcher.dispatchEvent(Container.java:4516)
	at java.desktop/java.awt.Container.dispatchEventImpl(Container.java:2310)
	at java.desktop/java.awt.Window.dispatchEventImpl(Window.java:2802)
	at java.desktop/java.awt.Component.dispatchEvent(Component.java:4854)
	at java.desktop/java.awt.EventQueue.dispatchEventImpl(EventQueue.java:781)
	at java.desktop/java.awt.EventQueue$4.run(EventQueue.java:730)
	at java.desktop/java.awt.EventQueue$4.run(EventQueue.java:724)
	at java.base/java.security.AccessController.doPrivileged(AccessController.java:399)
	at java.base/java.security.ProtectionDomain$JavaSecurityAccessImpl.doIntersectionPrivilege(ProtectionDomain.java:86)
	at java.base/java.security.ProtectionDomain$JavaSecurityAccessImpl.doIntersectionPrivilege(ProtectionDomain.java:97)
	at java.desktop/java.awt.EventQueue$5.run(EventQueue.java:754)
	at java.desktop/java.awt.EventQueue$5.run(EventQueue.java:752)
	at java.base/java.security.AccessController.doPrivileged(AccessController.java:399)
	at java.base/java.security.ProtectionDomain$JavaSecurityAccessImpl.doIntersectionPrivilege(ProtectionDomain.java:86)
	at java.desktop/java.awt.EventQueue.dispatchEvent(EventQueue.java:751)
	at com.intellij.ide.IdeEventQueue.defaultDispatchEvent(IdeEventQueue.java:918)
	at com.intellij.ide.IdeEventQueue.dispatchMouseEvent(IdeEventQueue.java:840)
	at com.intellij.ide.IdeEventQueue._dispatchEvent(IdeEventQueue.java:763)
	at com.intellij.ide.IdeEventQueue.lambda$dispatchEvent$6(IdeEventQueue.java:450)
	at com.intellij.openapi.progress.impl.CoreProgressManager.computePrioritized(CoreProgressManager.java:791)
	at com.intellij.ide.IdeEventQueue.lambda$dispatchEvent$7(IdeEventQueue.java:449)
	at com.intellij.openapi.application.TransactionGuardImpl.performActivity(TransactionGuardImpl.java:113)
	at com.intellij.ide.IdeEventQueue.performActivity(IdeEventQueue.java:624)
	at com.intellij.ide.IdeEventQueue.lambda$dispatchEvent$8(IdeEventQueue.java:447)
	at com.intellij.openapi.application.impl.ApplicationImpl.runIntendedWriteActionOnCurrentThread(ApplicationImpl.java:881)
	at com.intellij.ide.IdeEventQueue.dispatchEvent(IdeEventQueue.java:493)
	at java.desktop/java.awt.EventDispatchThread.pumpOneEventForFilters(EventDispatchThread.java:207)
	at java.desktop/java.awt.EventDispatchThread.pumpEventsForFilter(EventDispatchThread.java:128)
	at java.desktop/java.awt.EventDispatchThread.pumpEventsForHierarchy(EventDispatchThread.java:117)
	at java.desktop/java.awt.EventDispatchThread.pumpEvents(EventDispatchThread.java:113)
	at java.desktop/java.awt.EventDispatchThread.pumpEvents(EventDispatchThread.java:105)
	at java.desktop/java.awt.EventDispatchThread.run(EventDispatchThread.java:92)
2023-04-10 18:58:53 INFO  ApacheHttpClient.getTask(488) - responseCode = 200
2023-04-10 18:58:54 INFO  ApacheHttpClient.completed(32) - responseCode = 200
2023-04-10 18:58:54 ERROR TaskCompleted.run(151) - Exception during task verification.
java.lang.NullPointerException: Cannot read field "type" because "taskRunResult.validationResult" is null
	at com.homework.plugin.callback.TaskCompleted.run(TaskCompleted.java:112)
	at com.intellij.openapi.application.TransactionGuardImpl.runWithWritingAllowed(TransactionGuardImpl.java:209)
	at com.intellij.openapi.application.TransactionGuardImpl.access$100(TransactionGuardImpl.java:21)
	at com.intellij.openapi.application.TransactionGuardImpl$1.run(TransactionGuardImpl.java:191)
	at com.intellij.openapi.application.impl.ApplicationImpl.runIntendedWriteActionOnCurrentThread(ApplicationImpl.java:881)
	at com.intellij.openapi.application.impl.ApplicationImpl$3.run(ApplicationImpl.java:513)
	at com.intellij.openapi.application.impl.FlushQueue.doRun(FlushQueue.java:75)
	at com.intellij.openapi.application.impl.FlushQueue.runNextEvent(FlushQueue.java:118)
	at com.intellij.openapi.application.impl.FlushQueue.flushNow(FlushQueue.java:42)
	at java.desktop/java.awt.event.InvocationEvent.dispatch(InvocationEvent.java:318)
	at java.desktop/java.awt.EventQueue.dispatchEventImpl(EventQueue.java:779)
	at java.desktop/java.awt.EventQueue$4.run(EventQueue.java:730)
	at java.desktop/java.awt.EventQueue$4.run(EventQueue.java:724)
	at java.base/java.security.AccessController.doPrivileged(AccessController.java:399)
	at java.base/java.security.ProtectionDomain$JavaSecurityAccessImpl.doIntersectionPrivilege(ProtectionDomain.java:86)
	at java.desktop/java.awt.EventQueue.dispatchEvent(EventQueue.java:749)
	at com.intellij.ide.IdeEventQueue.defaultDispatchEvent(IdeEventQueue.java:918)
	at com.intellij.ide.IdeEventQueue._dispatchEvent(IdeEventQueue.java:766)
	at com.intellij.ide.IdeEventQueue.lambda$dispatchEvent$6(IdeEventQueue.java:450)
	at com.intellij.openapi.progress.impl.CoreProgressManager.computePrioritized(CoreProgressManager.java:791)
	at com.intellij.ide.IdeEventQueue.lambda$dispatchEvent$7(IdeEventQueue.java:449)
	at com.intellij.openapi.application.TransactionGuardImpl.performActivity(TransactionGuardImpl.java:105)
	at com.intellij.ide.IdeEventQueue.performActivity(IdeEventQueue.java:624)
	at com.intellij.ide.IdeEventQueue.lambda$dispatchEvent$8(IdeEventQueue.java:447)
	at com.intellij.openapi.application.impl.ApplicationImpl.runIntendedWriteActionOnCurrentThread(ApplicationImpl.java:881)
	at com.intellij.ide.IdeEventQueue.dispatchEvent(IdeEventQueue.java:493)
	at java.desktop/java.awt.EventDispatchThread.pumpOneEventForFilters(EventDispatchThread.java:207)
	at java.desktop/java.awt.EventDispatchThread.pumpEventsForFilter(EventDispatchThread.java:128)
	at java.desktop/java.awt.EventDispatchThread.pumpEventsForHierarchy(EventDispatchThread.java:117)
	at java.desktop/java.awt.EventDispatchThread.pumpEvents(EventDispatchThread.java:113)
	at java.desktop/java.awt.EventDispatchThread.pumpEvents(EventDispatchThread.java:105)
	at java.desktop/java.awt.EventDispatchThread.run(EventDispatchThread.java:92)
2023-04-10 18:59:20 INFO  ApacheHttpClient.getWebResourceAsStream(502) - responseCode = 200
2023-04-10 18:59:20 INFO  ApacheHttpClient.getFilteredTasks(336) - responseCode = 200
2023-04-10 18:59:32 INFO  ApacheHttpClient.getWebResourceAsStream(502) - responseCode = 200
2023-04-10 18:59:32 INFO  ApacheHttpClient.getTaskTemplateInfo(353) - responseCode = 200
2023-04-10 18:59:32 INFO  TaskInfoSelectorMouseListener.createDirectoryRecursive(78) - File created :C:/Users/rmorris/IdeaProjects/CodeGymTasks/8.Games/src/com/codegym/games/snake
2023-04-10 21:24:02 INFO  ApacheHttpClient.getWebResourceAsStream(502) - responseCode = 200
2023-04-10 21:24:03 INFO  ApacheHttpClient.getTask(488) - responseCode = 200
2023-04-10 21:24:04 INFO  ApacheHttpClient.completed(32) - responseCode = 200
2023-04-10 21:32:33 INFO  ApacheHttpClient.getWebResourceAsStream(502) - responseCode = 200
2023-04-10 21:32:33 INFO  ApacheHttpClient.getTask(488) - responseCode = 200
2023-04-10 21:32:34 INFO  ApacheHttpClient.completed(32) - responseCode = 200
2023-04-10 21:47:28 INFO  ApacheHttpClient.getWebResourceAsStream(502) - responseCode = 200
2023-04-10 21:47:29 INFO  ApacheHttpClient.getTask(488) - responseCode = 200
2023-04-10 21:47:30 INFO  ApacheHttpClient.completed(32) - responseCode = 200
2023-04-10 22:02:57 INFO  ApacheHttpClient.getWebResourceAsStream(502) - responseCode = 200
2023-04-10 22:02:57 INFO  ApacheHttpClient.getFilteredTasks(336) - responseCode = 200
2023-04-10 22:03:42 INFO  ApacheHttpClient.getWebResourceAsStream(502) - responseCode = 200
2023-04-10 22:03:42 INFO  ApacheHttpClient.getFilteredTasks(336) - responseCode = 200
2023-04-10 22:03:52 INFO  ApacheHttpClient.getFilteredTasks(336) - responseCode = 200
2023-04-10 22:04:05 INFO  ApacheHttpClient.getFilteredTasks(336) - responseCode = 200
2023-04-10 22:04:20 INFO  ApacheHttpClient.getWebResourceAsStream(502) - responseCode = 200
2023-04-10 22:04:20 INFO  ApacheHttpClient.getTaskTemplateInfo(353) - responseCode = 200
2023-04-10 22:24:44 INFO  ApacheHttpClient.getWebResourceAsStream(502) - responseCode = 200
2023-04-10 22:24:45 INFO  ApacheHttpClient.getFilteredTasks(336) - responseCode = 200
2023-04-10 22:24:47 INFO  ApacheHttpClient.getWebResourceAsStream(502) - responseCode = 200
2023-04-10 22:24:47 INFO  ApacheHttpClient.getTaskTemplateInfo(353) - responseCode = 200
2023-04-10 22:28:48 INFO  ApacheHttpClient.getWebResourceAsStream(502) - responseCode = 200
2023-04-10 22:28:48 INFO  ApacheHttpClient.getFilteredTasks(336) - responseCode = 200
2023-04-10 22:28:50 INFO  ApacheHttpClient.getWebResourceAsStream(502) - responseCode = 200
2023-04-10 22:28:50 INFO  ApacheHttpClient.getTaskTemplateInfo(353) - responseCode = 200
2023-04-10 22:42:56 INFO  ApacheHttpClient.getWebResourceAsStream(502) - responseCode = 200
2023-04-10 22:42:57 INFO  ApacheHttpClient.getTask(488) - responseCode = 200
2023-04-10 22:42:58 INFO  ApacheHttpClient.completed(32) - responseCode = 200
2023-04-10 22:45:29 INFO  ApacheHttpClient.getWebResourceAsStream(502) - responseCode = 200
2023-04-10 22:45:29 INFO  ApacheHttpClient.getTask(488) - responseCode = 200
2023-04-10 22:45:31 INFO  ApacheHttpClient.completed(32) - responseCode = 200
2023-04-10 22:45:31 INFO  ApacheHttpClient.getTask(488) - responseCode = 200
2023-04-10 22:46:21 INFO  ApacheHttpClient.getWebResourceAsStream(502) - responseCode = 200
2023-04-10 22:46:21 INFO  ApacheHttpClient.getFilteredTasks(336) - responseCode = 200
2023-04-10 22:46:32 INFO  ApacheHttpClient.getWebResourceAsStream(502) - responseCode = 200
2023-04-10 22:46:32 INFO  ApacheHttpClient.getTaskTemplateInfo(353) - responseCode = 200
2023-04-10 23:02:30 INFO  ApacheHttpClient.getWebResourceAsStream(502) - responseCode = 200
2023-04-10 23:02:30 INFO  ApacheHttpClient.getTask(488) - responseCode = 200
2023-04-10 23:02:31 INFO  ApacheHttpClient.getWebResourceAsStream(502) - responseCode = 200
2023-04-10 23:02:31 INFO  ApacheHttpClient.completed(32) - responseCode = 429
2023-04-10 23:02:31 INFO  ApacheHttpClient.getTask(488) - responseCode = 200
2023-04-10 23:02:31 WARN  TaskCompleted.run(78) - The previous task has not been verified. Please wait and try again.
com.homework.plugin.analytics.PluginWarningException: warning
	at com.homework.plugin.callback.TaskCompleted.run(TaskCompleted.java:78)
	at com.intellij.openapi.application.TransactionGuardImpl.runWithWritingAllowed(TransactionGuardImpl.java:209)
	at com.intellij.openapi.application.TransactionGuardImpl.access$100(TransactionGuardImpl.java:21)
	at com.intellij.openapi.application.TransactionGuardImpl$1.run(TransactionGuardImpl.java:191)
	at com.intellij.openapi.application.impl.ApplicationImpl.runIntendedWriteActionOnCurrentThread(ApplicationImpl.java:881)
	at com.intellij.openapi.application.impl.ApplicationImpl$3.run(ApplicationImpl.java:513)
	at com.intellij.openapi.application.impl.FlushQueue.doRun(FlushQueue.java:75)
	at com.intellij.openapi.application.impl.FlushQueue.runNextEvent(FlushQueue.java:118)
	at com.intellij.openapi.application.impl.FlushQueue.flushNow(FlushQueue.java:42)
	at java.desktop/java.awt.event.InvocationEvent.dispatch(InvocationEvent.java:318)
	at java.desktop/java.awt.EventQueue.dispatchEventImpl(EventQueue.java:779)
	at java.desktop/java.awt.EventQueue$4.run(EventQueue.java:730)
	at java.desktop/java.awt.EventQueue$4.run(EventQueue.java:724)
	at java.base/java.security.AccessController.doPrivileged(AccessController.java:399)
	at java.base/java.security.ProtectionDomain$JavaSecurityAccessImpl.doIntersectionPrivilege(ProtectionDomain.java:86)
	at java.desktop/java.awt.EventQueue.dispatchEvent(EventQueue.java:749)
	at com.intellij.ide.IdeEventQueue.defaultDispatchEvent(IdeEventQueue.java:918)
	at com.intellij.ide.IdeEventQueue._dispatchEvent(IdeEventQueue.java:766)
	at com.intellij.ide.IdeEventQueue.lambda$dispatchEvent$6(IdeEventQueue.java:450)
	at com.intellij.openapi.progress.impl.CoreProgressManager.computePrioritized(CoreProgressManager.java:791)
	at com.intellij.ide.IdeEventQueue.lambda$dispatchEvent$7(IdeEventQueue.java:449)
	at com.intellij.openapi.application.TransactionGuardImpl.performActivity(TransactionGuardImpl.java:105)
	at com.intellij.ide.IdeEventQueue.performActivity(IdeEventQueue.java:624)
	at com.intellij.ide.IdeEventQueue.lambda$dispatchEvent$8(IdeEventQueue.java:447)
	at com.intellij.openapi.application.impl.ApplicationImpl.runIntendedWriteActionOnCurrentThread(ApplicationImpl.java:881)
	at com.intellij.ide.IdeEventQueue.dispatchEvent(IdeEventQueue.java:493)
	at java.desktop/java.awt.EventDispatchThread.pumpOneEventForFilters(EventDispatchThread.java:207)
	at java.desktop/java.awt.EventDispatchThread.pumpEventsForFilter(EventDispatchThread.java:128)
	at java.desktop/java.awt.EventDispatchThread.pumpEventsForHierarchy(EventDispatchThread.java:117)
	at java.desktop/java.awt.EventDispatchThread.pumpEvents(EventDispatchThread.java:113)
	at java.desktop/java.awt.EventDispatchThread.pumpEvents(EventDispatchThread.java:105)
	at java.desktop/java.awt.EventDispatchThread.run(EventDispatchThread.java:92)
2023-04-10 23:02:32 INFO  ApacheHttpClient.completed(32) - responseCode = 200
2023-04-10 23:02:37 INFO  ApacheHttpClient.getTask(488) - responseCode = 200
2023-04-10 23:03:31 INFO  ApacheHttpClient.getWebResourceAsStream(502) - responseCode = 200
2023-04-10 23:03:31 INFO  ApacheHttpClient.getFilteredTasks(336) - responseCode = 200
2023-04-10 23:03:37 INFO  ApacheHttpClient.getWebResourceAsStream(502) - responseCode = 200
2023-04-10 23:03:37 INFO  ApacheHttpClient.getTaskTemplateInfo(353) - responseCode = 200
2023-04-10 23:14:20 INFO  ApacheHttpClient.getWebResourceAsStream(502) - responseCode = 200
2023-04-10 23:14:21 INFO  ApacheHttpClient.getTask(488) - responseCode = 200
2023-04-10 23:14:22 INFO  ApacheHttpClient.completed(32) - responseCode = 200
2023-04-10 23:20:23 INFO  ApacheHttpClient.getWebResourceAsStream(502) - responseCode = 200
2023-04-10 23:20:24 INFO  ApacheHttpClient.getTask(488) - responseCode = 200
2023-04-10 23:20:25 INFO  ApacheHttpClient.completed(32) - responseCode = 200
2023-04-10 23:24:47 INFO  ApacheHttpClient.getWebResourceAsStream(502) - responseCode = 200
2023-04-10 23:24:47 INFO  ApacheHttpClient.getTask(488) - responseCode = 200
2023-04-10 23:24:49 INFO  ApacheHttpClient.completed(32) - responseCode = 200
2023-04-10 23:28:59 INFO  ApacheHttpClient.getWebResourceAsStream(502) - responseCode = 200
2023-04-10 23:29:00 INFO  ApacheHttpClient.getTask(488) - responseCode = 200
2023-04-10 23:31:03 INFO  ApacheHttpClient.getWebResourceAsStream(502) - responseCode = 200
2023-04-10 23:31:04 INFO  ApacheHttpClient.getTask(488) - responseCode = 200
2023-04-10 23:31:05 INFO  ApacheHttpClient.completed(32) - responseCode = 200
2023-04-10 23:35:07 INFO  ApacheHttpClient.getWebResourceAsStream(502) - responseCode = 200
2023-04-10 23:35:08 INFO  ApacheHttpClient.getTask(488) - responseCode = 200
2023-04-10 23:35:09 INFO  ApacheHttpClient.completed(32) - responseCode = 200
2023-04-10 23:38:10 INFO  ApacheHttpClient.getWebResourceAsStream(502) - responseCode = 200
2023-04-10 23:38:10 INFO  ApacheHttpClient.getTask(488) - responseCode = 200
2023-04-10 23:38:12 INFO  ApacheHttpClient.completed(32) - responseCode = 200
2023-04-13 11:17:52 INFO  ProjectStartupHandler.runActivity(74) - ---------- Project opened ----------
2023-04-13 11:17:52 INFO  ProjectStartupHandler.runActivity(75) - ---------- Version 4.03 ----------

2023-04-13 11:17:52 INFO  ApacheHttpClient.isSessionAppropriateWithSecretKey(602) - Waiting for server response.
2023-04-13 11:17:52 INFO  ApacheHttpClient.refreshUserInfo(305) - responseCode = 200
2023-04-13 11:17:52 INFO  ApacheHttpClient.refreshUserInfo(311) - User information received.
2023-04-13 11:17:52 INFO  ApacheHttpClient.startGA(36) - GAService started.
